#
# There is insufficient memory for the Java Runtime Environment to continue.
# Native memory allocation (malloc) failed to allocate 2228144 bytes for Chunk::new
# Possible reasons:
#   The system is out of physical RAM or swap space
#   The process is running with CompressedOops enabled, and the Java Heap may be blocking the growth of the native heap
# Possible solutions:
#   Reduce memory load on the system
#   Increase physical memory or swap space
#   Check if swap backing store is full
#   Decrease Java heap size (-Xmx/-Xms)
#   Decrease number of Java threads
#   Decrease Java thread stack sizes (-Xss)
#   Set larger code cache with -XX:ReservedCodeCacheSize=
#   JVM is running with Unscaled Compressed Oops mode in which the Java heap is
#     placed in the first 4GB address space. The Java Heap base address is the
#     maximum limit for the native heap growth. Please use -XX:HeapBaseMinAddress
#     to set the Java Heap base and to place the Java Heap above 4GB virtual address.
# This output file may be truncated or incomplete.
#
#  Out of Memory Error (allocation.cpp:390), pid=11140, tid=0x00000000000037f4
#
# JRE version: Java(TM) SE Runtime Environment (8.0_201-b09) (build 1.8.0_201-b09)
# Java VM: Java HotSpot(TM) 64-Bit Server VM (25.201-b09 mixed mode windows-amd64 compressed oops)
# Failed to write core dump. Minidumps are not enabled by default on client versions of Windows
#

---------------  T H R E A D  ---------------

Current thread (0x0000000016edc000):  JavaThread "C2 CompilerThread0" daemon [_thread_in_native, id=14324, stack(0x0000000017f20000,0x0000000018020000)]

Stack: [0x0000000017f20000,0x0000000018020000]
[error occurred during error reporting (printing stack bounds), id 0xc0000005]

Native frames: (J=compiled Java code, j=interpreted, Vv=VM code, C=native code)


Current CompileTask:
C2:  13087 4123   !   4       org.springframework.core.annotation.AnnotationsScanner::processClassHierarchy (236 bytes)


---------------  P R O C E S S  ---------------

Java Threads: ( => current thread )
  0x00000000196c1800 JavaThread "container-0" [_thread_blocked, id=14628, stack(0x000000001e010000,0x000000001e110000)]
  0x00000000187ca000 JavaThread "Catalina-utility-2" [_thread_in_vm, id=10408, stack(0x000000001df10000,0x000000001e010000)]
  0x00000000192fc000 JavaThread "Catalina-utility-1" [_thread_blocked, id=11060, stack(0x000000001de10000,0x000000001df10000)]
  0x000000001bbf9000 JavaThread "spring.cloud.inetutils" daemon [_thread_blocked, id=15892, stack(0x000000001a030000,0x000000001a130000)]
  0x0000000016f43000 JavaThread "Service Thread" daemon [_thread_blocked, id=12348, stack(0x0000000018120000,0x0000000018220000)]
  0x0000000016edf000 JavaThread "C1 CompilerThread1" daemon [_thread_blocked, id=10168, stack(0x0000000018020000,0x0000000018120000)]
=>0x0000000016edc000 JavaThread "C2 CompilerThread0" daemon [_thread_in_native, id=14324, stack(0x0000000017f20000,0x0000000018020000)]
  0x0000000016eda800 JavaThread "Attach Listener" daemon [_thread_blocked, id=7392, stack(0x0000000017e20000,0x0000000017f20000)]
  0x0000000016ed7800 JavaThread "Signal Dispatcher" daemon [_thread_blocked, id=12436, stack(0x0000000017d20000,0x0000000017e20000)]
  0x00000000024cb000 JavaThread "Finalizer" daemon [_thread_blocked, id=600, stack(0x0000000017b20000,0x0000000017c20000)]
  0x00000000024c2000 JavaThread "Reference Handler" daemon [_thread_blocked, id=15968, stack(0x0000000017a20000,0x0000000017b20000)]
  0x00000000022ce000 JavaThread "main" [_thread_in_vm, id=10224, stack(0x00000000022d0000,0x00000000023d0000)]

Other Threads:
  0x0000000016ea7800 VMThread [stack: 0x0000000017920000,0x0000000017a20000] [id=9732]
  0x0000000016f52000 WatcherThread [stack: 0x0000000018220000,0x0000000018320000] [id=2648]

VM state:not at safepoint (normal execution)

VM Mutex/Monitor currently owned by a thread: None

heap address: 0x0000000080000000, size: 2048 MB, Compressed Oops mode: 32-bit
Narrow klass base: 0x0000000000000000, Narrow klass shift: 3
Compressed class space size: 1073741824 Address: 0x0000000100000000

Heap:
 PSYoungGen      total 451072K, used 253516K [0x00000000d5580000, 0x00000000f6b80000, 0x0000000100000000)
  eden space 441344K, 57% used [0x00000000d5580000,0x00000000e4d13140,0x00000000f0480000)
  from space 9728K, 0% used [0x00000000f6200000,0x00000000f6200000,0x00000000f6b80000)
  to   space 14848K, 0% used [0x00000000f4e80000,0x00000000f4e80000,0x00000000f5d00000)
 ParOldGen       total 81408K, used 15836K [0x0000000080000000, 0x0000000084f80000, 0x00000000d5580000)
  object space 81408K, 19% used [0x0000000080000000,0x0000000080f770b8,0x0000000084f80000)
 Metaspace       used 38762K, capacity 40776K, committed 40872K, reserved 1085440K
  class space    used 5172K, capacity 5547K, committed 5552K, reserved 1048576K

Card table byte_map: [0x0000000011890000,0x0000000011ca0000] byte_map_base: 0x0000000011490000

Marking Bits: (ParMarkBitMap*) 0x000000005ca74ce0
 Begin Bits: [0x0000000012150000, 0x0000000014150000)
 End Bits:   [0x0000000014150000, 0x0000000016150000)

Polling page: 0x0000000002270000

CodeCache: size=245760Kb used=12426Kb max_used=12911Kb free=233333Kb
 bounds [0x00000000024d0000, 0x00000000031a0000, 0x00000000114d0000]
 total_blobs=4154 nmethods=3730 adapters=335
 compilation: enabled

Compilation events (10 events):
Event: 12.933 Thread 0x0000000016edf000 4440       2       org.hibernate.validator.internal.engine.constraintvalidation.ClassBasedValidatorDescriptor::determineValidationTargets (34 bytes)
Event: 12.934 Thread 0x0000000016edf000 nmethod 4440 0x0000000002920550 code [0x0000000002920760, 0x0000000002920d48]
Event: 12.940 Thread 0x0000000016edf000 4441       2       sun.reflect.generics.reflectiveObjects.WildcardTypeImpl::getUpperBounds (72 bytes)
Event: 12.940 Thread 0x0000000016edf000 nmethod 4441 0x000000000291fd10 code [0x000000000291fea0, 0x0000000002920318]
Event: 12.944 Thread 0x0000000016edf000 4442       1       org.aspectj.weaver.ArrayReferenceType::isExposedToWeaver (2 bytes)
Event: 12.944 Thread 0x0000000016edf000 nmethod 4442 0x0000000002752c10 code [0x0000000002752d60, 0x0000000002752e70]
Event: 12.944 Thread 0x0000000016edf000 4443       2       org.aspectj.weaver.ArrayReferenceType::isTypeVariableReference (16 bytes)
Event: 12.944 Thread 0x0000000016edf000 nmethod 4443 0x0000000002f97ad0 code [0x0000000002f97c20, 0x0000000002f97d90]
Event: 13.058 Thread 0x0000000016edf000 4444       2       java.lang.invoke.InvokerBytecodeGenerator::emitReferenceCast (184 bytes)
Event: 13.059 Thread 0x0000000016edf000 nmethod 4444 0x0000000002f96ed0 code [0x0000000002f97100, 0x0000000002f976c8]

GC Heap History (10 events):
Event: 3.830 GC heap before
{Heap before GC invocations=8 (full 1):
 PSYoungGen      total 273920K, used 6000K [0x00000000d5580000, 0x00000000f6b80000, 0x0000000100000000)
  eden space 263680K, 0% used [0x00000000d5580000,0x00000000d5580000,0x00000000e5700000)
  from space 10240K, 58% used [0x00000000e5700000,0x00000000e5cdc010,0x00000000e6100000)
  to   space 9728K, 0% used [0x00000000f6200000,0x00000000f6200000,0x00000000f6b80000)
 ParOldGen       total 87552K, used 6843K [0x0000000080000000, 0x0000000085580000, 0x00000000d5580000)
  object space 87552K, 7% used [0x0000000080000000,0x00000000806aee28,0x0000000085580000)
 Metaspace       used 20373K, capacity 21210K, committed 21296K, reserved 1067008K
  class space    used 2621K, capacity 2832K, committed 2864K, reserved 1048576K
Event: 3.899 GC heap after
Heap after GC invocations=8 (full 1):
 PSYoungGen      total 273920K, used 0K [0x00000000d5580000, 0x00000000f6b80000, 0x0000000100000000)
  eden space 263680K, 0% used [0x00000000d5580000,0x00000000d5580000,0x00000000e5700000)
  from space 10240K, 0% used [0x00000000e5700000,0x00000000e5700000,0x00000000e6100000)
  to   space 9728K, 0% used [0x00000000f6200000,0x00000000f6200000,0x00000000f6b80000)
 ParOldGen       total 54784K, used 8076K [0x0000000080000000, 0x0000000083580000, 0x00000000d5580000)
  object space 54784K, 14% used [0x0000000080000000,0x00000000807e31d0,0x0000000083580000)
 Metaspace       used 20373K, capacity 21210K, committed 21296K, reserved 1067008K
  class space    used 2621K, capacity 2832K, committed 2864K, reserved 1048576K
}
Event: 6.017 GC heap before
{Heap before GC invocations=9 (full 1):
 PSYoungGen      total 273920K, used 263680K [0x00000000d5580000, 0x00000000f6b80000, 0x0000000100000000)
  eden space 263680K, 100% used [0x00000000d5580000,0x00000000e5700000,0x00000000e5700000)
  from space 10240K, 0% used [0x00000000e5700000,0x00000000e5700000,0x00000000e6100000)
  to   space 9728K, 0% used [0x00000000f6200000,0x00000000f6200000,0x00000000f6b80000)
 ParOldGen       total 54784K, used 8076K [0x0000000080000000, 0x0000000083580000, 0x00000000d5580000)
  object space 54784K, 14% used [0x0000000080000000,0x00000000807e31d0,0x0000000083580000)
 Metaspace       used 23876K, capacity 24928K, committed 25136K, reserved 1071104K
  class space    used 3108K, capacity 3359K, committed 3376K, reserved 1048576K
Event: 6.074 GC heap after
Heap after GC invocations=9 (full 1):
 PSYoungGen      total 451072K, used 9705K [0x00000000d5580000, 0x00000000f6b80000, 0x0000000100000000)
  eden space 441344K, 0% used [0x00000000d5580000,0x00000000d5580000,0x00000000f0480000)
  from space 9728K, 99% used [0x00000000f6200000,0x00000000f6b7a498,0x00000000f6b80000)
  to   space 14848K, 0% used [0x00000000f4e80000,0x00000000f4e80000,0x00000000f5d00000)
 ParOldGen       total 54784K, used 17030K [0x0000000080000000, 0x0000000083580000, 0x00000000d5580000)
  object space 54784K, 31% used [0x0000000080000000,0x00000000810a1bf8,0x0000000083580000)
 Metaspace       used 23876K, capacity 24928K, committed 25136K, reserved 1071104K
  class space    used 3108K, capacity 3359K, committed 3376K, reserved 1048576K
}
Event: 9.725 GC heap before
{Heap before GC invocations=10 (full 1):
 PSYoungGen      total 451072K, used 451049K [0x00000000d5580000, 0x00000000f6b80000, 0x0000000100000000)
  eden space 441344K, 100% used [0x00000000d5580000,0x00000000f0480000,0x00000000f0480000)
  from space 9728K, 99% used [0x00000000f6200000,0x00000000f6b7a498,0x00000000f6b80000)
  to   space 14848K, 0% used [0x00000000f4e80000,0x00000000f4e80000,0x00000000f5d00000)
 ParOldGen       total 54784K, used 17030K [0x0000000080000000, 0x0000000083580000, 0x00000000d5580000)
  object space 54784K, 31% used [0x0000000080000000,0x00000000810a1bf8,0x0000000083580000)
 Metaspace       used 30583K, capacity 31852K, committed 31920K, reserved 1077248K
  class space    used 4017K, capacity 4271K, committed 4272K, reserved 1048576K
Event: 9.824 GC heap after
Heap after GC invocations=10 (full 1):
 PSYoungGen      total 456192K, used 14830K [0x00000000d5580000, 0x00000000f6b80000, 0x0000000100000000)
  eden space 441344K, 0% used [0x00000000d5580000,0x00000000d5580000,0x00000000f0480000)
  from space 14848K, 99% used [0x00000000f4e80000,0x00000000f5cfb900,0x00000000f5d00000)
  to   space 9728K, 0% used [0x00000000f6200000,0x00000000f6200000,0x00000000f6b80000)
 ParOldGen       total 54784K, used 26286K [0x0000000080000000, 0x0000000083580000, 0x00000000d5580000)
  object space 54784K, 47% used [0x0000000080000000,0x00000000819abbf8,0x0000000083580000)
 Metaspace       used 30583K, capacity 31852K, committed 31920K, reserved 1077248K
  class space    used 4017K, capacity 4271K, committed 4272K, reserved 1048576K
}
Event: 10.734 GC heap before
{Heap before GC invocations=11 (full 1):
 PSYoungGen      total 456192K, used 100410K [0x00000000d5580000, 0x00000000f6b80000, 0x0000000100000000)
  eden space 441344K, 19% used [0x00000000d5580000,0x00000000da913278,0x00000000f0480000)
  from space 14848K, 99% used [0x00000000f4e80000,0x00000000f5cfb900,0x00000000f5d00000)
  to   space 9728K, 0% used [0x00000000f6200000,0x00000000f6200000,0x00000000f6b80000)
 ParOldGen       total 54784K, used 26286K [0x0000000080000000, 0x0000000083580000, 0x00000000d5580000)
  object space 54784K, 47% used [0x0000000080000000,0x00000000819abbf8,0x0000000083580000)
 Metaspace       used 33754K, capacity 35482K, committed 35496K, reserved 1079296K
  class space    used 4435K, capacity 4774K, committed 4784K, reserved 1048576K
Event: 10.768 GC heap after
Heap after GC invocations=11 (full 1):
 PSYoungGen      total 451072K, used 8276K [0x00000000d5580000, 0x00000000f6b80000, 0x0000000100000000)
  eden space 441344K, 0% used [0x00000000d5580000,0x00000000d5580000,0x00000000f0480000)
  from space 9728K, 85% used [0x00000000f6200000,0x00000000f6a153c8,0x00000000f6b80000)
  to   space 14848K, 0% used [0x00000000f4e80000,0x00000000f4e80000,0x00000000f5d00000)
 ParOldGen       total 54784K, used 28163K [0x0000000080000000, 0x0000000083580000, 0x00000000d5580000)
  object space 54784K, 51% used [0x0000000080000000,0x0000000081b80c58,0x0000000083580000)
 Metaspace       used 33754K, capacity 35482K, committed 35496K, reserved 1079296K
  class space    used 4435K, capacity 4774K, committed 4784K, reserved 1048576K
}
Event: 10.768 GC heap before
{Heap before GC invocations=12 (full 2):
 PSYoungGen      total 451072K, used 8276K [0x00000000d5580000, 0x00000000f6b80000, 0x0000000100000000)
  eden space 441344K, 0% used [0x00000000d5580000,0x00000000d5580000,0x00000000f0480000)
  from space 9728K, 85% used [0x00000000f6200000,0x00000000f6a153c8,0x00000000f6b80000)
  to   space 14848K, 0% used [0x00000000f4e80000,0x00000000f4e80000,0x00000000f5d00000)
 ParOldGen       total 54784K, used 28163K [0x0000000080000000, 0x0000000083580000, 0x00000000d5580000)
  object space 54784K, 51% used [0x0000000080000000,0x0000000081b80c58,0x0000000083580000)
 Metaspace       used 33754K, capacity 35482K, committed 35496K, reserved 1079296K
  class space    used 4435K, capacity 4774K, committed 4784K, reserved 1048576K
Event: 10.861 GC heap after
Heap after GC invocations=12 (full 2):
 PSYoungGen      total 451072K, used 0K [0x00000000d5580000, 0x00000000f6b80000, 0x0000000100000000)
  eden space 441344K, 0% used [0x00000000d5580000,0x00000000d5580000,0x00000000f0480000)
  from space 9728K, 0% used [0x00000000f6200000,0x00000000f6200000,0x00000000f6b80000)
  to   space 14848K, 0% used [0x00000000f4e80000,0x00000000f4e80000,0x00000000f5d00000)
 ParOldGen       total 81408K, used 15836K [0x0000000080000000, 0x0000000084f80000, 0x00000000d5580000)
  object space 81408K, 19% used [0x0000000080000000,0x0000000080f770b8,0x0000000084f80000)
 Metaspace       used 33754K, capacity 35482K, committed 35496K, reserved 1079296K
  class space    used 4435K, capacity 4774K, committed 4784K, reserved 1048576K
}

Deoptimization events (10 events):
Event: 11.922 Thread 0x00000000022ce000 Uncommon trap: reason=class_check action=maybe_recompile pc=0x000000000303d5b8 method=org.springframework.beans.factory.support.AbstractBeanFactory.isTypeMatch(Ljava/lang/String;Lorg/springframework/core/ResolvableType;Z)Z @ 53
Event: 12.027 Thread 0x00000000022ce000 Uncommon trap: reason=unstable_if action=reinterpret pc=0x0000000002bd7c20 method=java.net.URI.match(CJJ)Z @ 45
Event: 12.076 Thread 0x00000000022ce000 Uncommon trap: reason=null_check action=make_not_entrant pc=0x0000000002ec7ba8 method=org.springframework.util.ClassUtils.isAssignable(Ljava/lang/Class;Ljava/lang/Class;)Z @ 14
Event: 12.090 Thread 0x00000000022ce000 Uncommon trap: reason=unstable_if action=reinterpret pc=0x0000000002b6415c method=org.springframework.boot.context.properties.source.ConfigurationPropertyName.getElement(ILorg/springframework/boot/context/properties/source/ConfigurationPropertyName$Form;)
Event: 12.223 Thread 0x00000000022ce000 Uncommon trap: reason=unstable_if action=reinterpret pc=0x0000000002e5e05c method=sun.reflect.annotation.AnnotationInvocationHandler.invoke(Ljava/lang/Object;Ljava/lang/reflect/Method;[Ljava/lang/Object;)Ljava/lang/Object; @ 19
Event: 12.742 Thread 0x00000000022ce000 Uncommon trap: reason=bimorphic action=maybe_recompile pc=0x0000000002f56574 method=org.springframework.core.annotation.TypeMappedAnnotation.getValue(IZZ)Ljava/lang/Object; @ 121
Event: 12.743 Thread 0x00000000022ce000 Uncommon trap: reason=bimorphic action=maybe_recompile pc=0x0000000002f56574 method=org.springframework.core.annotation.TypeMappedAnnotation.getValue(IZZ)Ljava/lang/Object; @ 121
Event: 12.749 Thread 0x00000000022ce000 Uncommon trap: reason=bimorphic action=maybe_recompile pc=0x0000000002f56574 method=org.springframework.core.annotation.TypeMappedAnnotation.getValue(IZZ)Ljava/lang/Object; @ 121
Event: 12.845 Thread 0x00000000022ce000 Uncommon trap: reason=bimorphic action=maybe_recompile pc=0x0000000002f56574 method=org.springframework.core.annotation.TypeMappedAnnotation.getValue(IZZ)Ljava/lang/Object; @ 121
Event: 12.850 Thread 0x00000000022ce000 Uncommon trap: reason=unstable_if action=reinterpret pc=0x0000000002ee0e5c method=org.springframework.beans.factory.support.AbstractBeanFactory.isTypeMatch(Ljava/lang/String;Lorg/springframework/core/ResolvableType;Z)Z @ 34

Classes redefined (0 events):
No events

Internal exceptions (10 events):
Event: 12.391 Thread 0x00000000022ce000 Exception <a 'java/lang/ClassNotFoundException': java/lang/ObjectCustomizer> (0x00000000df8b82b0) thrown at [C:\re\workspace\8-2-build-windows-amd64-cygwin\jdk8u201\12322\hotspot\src\share\vm\classfile\systemDictionary.cpp, line 210]
Event: 12.392 Thread 0x00000000022ce000 Exception <a 'java/lang/ClassNotFoundException': org/springframework/web/servlet/config/annotation/WebMvcConfigurationSupportCustomizer> (0x00000000df97b0a8) thrown at [C:\re\workspace\8-2-build-windows-amd64-cygwin\jdk8u201\12322\hotspot\src\share\vm\cla
Event: 12.395 Thread 0x00000000022ce000 Exception <a 'java/lang/ClassNotFoundException': org/springframework/web/servlet/config/annotation/DelegatingWebMvcConfigurationCustomizer> (0x00000000dfa53d40) thrown at [C:\re\workspace\8-2-build-windows-amd64-cygwin\jdk8u201\12322\hotspot\src\share\vm\
Event: 12.396 Thread 0x00000000022ce000 Exception <a 'java/lang/ClassNotFoundException': org/springframework/context/ApplicationContextAwareCustomizer> (0x00000000dfaffdb0) thrown at [C:\re\workspace\8-2-build-windows-amd64-cygwin\jdk8u201\12322\hotspot\src\share\vm\classfile\systemDictionary.c
Event: 12.397 Thread 0x00000000022ce000 Exception <a 'java/lang/ClassNotFoundException': org/springframework/beans/factory/AwareCustomizer> (0x00000000dfb974b8) thrown at [C:\re\workspace\8-2-build-windows-amd64-cygwin\jdk8u201\12322\hotspot\src\share\vm\classfile\systemDictionary.cpp, line 210
Event: 12.397 Thread 0x00000000022ce000 Exception <a 'java/lang/ClassNotFoundException': org/springframework/web/context/ServletContextAwareCustomizer> (0x00000000dfc3ae90) thrown at [C:\re\workspace\8-2-build-windows-amd64-cygwin\jdk8u201\12322\hotspot\src\share\vm\classfile\systemDictionary.c
Event: 12.398 Thread 0x00000000022ce000 Exception <a 'java/lang/ClassNotFoundException': org/springframework/beans/factory/AwareCustomizer> (0x00000000dfcd2138) thrown at [C:\re\workspace\8-2-build-windows-amd64-cygwin\jdk8u201\12322\hotspot\src\share\vm\classfile\systemDictionary.cpp, line 210
Event: 12.415 Thread 0x00000000022ce000 Exception <a 'java/lang/ClassNotFoundException': java/lang/ObjectCustomizer> (0x00000000dfe74a80) thrown at [C:\re\workspace\8-2-build-windows-amd64-cygwin\jdk8u201\12322\hotspot\src\share\vm\classfile\systemDictionary.cpp, line 210]
Event: 12.416 Thread 0x00000000022ce000 Exception <a 'java/lang/ClassNotFoundException': org/springframework/security/config/annotation/authentication/configuration/AuthenticationConfigurationCustomizer> (0x00000000dff56158) thrown at [C:\re\workspace\8-2-build-windows-amd64-cygwin\jdk8u201\123
Event: 12.892 Thread 0x00000000022ce000 Exception <a 'java/lang/IncompatibleClassChangeError': Found class java.lang.Object, but interface was expected> (0x00000000e28aa130) thrown at [C:\re\workspace\8-2-build-windows-amd64-cygwin\jdk8u201\12322\hotspot\src\share\vm\interpreter\linkResolver.cp

Events (10 events):
Event: 13.067 loading class reactor/core/publisher/FluxConcatIterable
Event: 13.067 loading class reactor/core/publisher/FluxConcatIterable done
Event: 13.067 loading class reactor/core/publisher/FluxConcatMap
Event: 13.067 loading class reactor/core/publisher/FluxConcatMap done
Event: 13.068 loading class reactor/core/publisher/FluxConcatArray
Event: 13.068 loading class reactor/core/publisher/FluxConcatArray done
Event: 13.069 loading class reactor/core/publisher/FluxJoin
Event: 13.069 loading class reactor/core/publisher/FluxJoin done
Event: 13.070 loading class reactor/core/publisher/MonoCollect
Event: 13.070 loading class reactor/core/publisher/MonoCollect done


Dynamic libraries:
0x00007ff7b45b0000 - 0x00007ff7b45e7000 	C:\Program Files\Java\jre1.8.0_201\bin\java.exe
0x00007ff93d5f0000 - 0x00007ff93d7e5000 	C:\WINDOWS\SYSTEM32\ntdll.dll
0x00007ff93c6e0000 - 0x00007ff93c79d000 	C:\WINDOWS\System32\KERNEL32.DLL
0x00007ff93b060000 - 0x00007ff93b328000 	C:\WINDOWS\System32\KERNELBASE.dll
0x00007ff93b9a0000 - 0x00007ff93ba4c000 	C:\WINDOWS\System32\ADVAPI32.dll
0x00007ff93c590000 - 0x00007ff93c62e000 	C:\WINDOWS\System32\msvcrt.dll
0x00007ff93b870000 - 0x00007ff93b90b000 	C:\WINDOWS\System32\sechost.dll
0x00007ff93c7a0000 - 0x00007ff93c8cb000 	C:\WINDOWS\System32\RPCRT4.dll
0x00007ff93d410000 - 0x00007ff93d5b0000 	C:\WINDOWS\System32\USER32.dll
0x00007ff93b3d0000 - 0x00007ff93b3f2000 	C:\WINDOWS\System32\win32u.dll
0x00007ff93d2a0000 - 0x00007ff93d2ca000 	C:\WINDOWS\System32\GDI32.dll
0x00007ff93af50000 - 0x00007ff93b05b000 	C:\WINDOWS\System32\gdi32full.dll
0x00007ff93b330000 - 0x00007ff93b3cd000 	C:\WINDOWS\System32\msvcp_win.dll
0x00007ff93b560000 - 0x00007ff93b660000 	C:\WINDOWS\System32\ucrtbase.dll
0x00007ff9276f0000 - 0x00007ff92798a000 	C:\WINDOWS\WinSxS\amd64_microsoft.windows.common-controls_6595b64144ccf1df_6.0.19041.1052_none_60b8f8fd71f5e8cb\COMCTL32.dll
0x00007ff93cf10000 - 0x00007ff93cf40000 	C:\WINDOWS\System32\IMM32.DLL
0x000000005bca0000 - 0x000000005bd71000 	C:\Program Files\Java\jre1.8.0_201\bin\msvcr100.dll
0x000000005c250000 - 0x000000005caf4000 	C:\Program Files\Java\jre1.8.0_201\bin\server\jvm.dll
0x00007ff93b910000 - 0x00007ff93b918000 	C:\WINDOWS\System32\PSAPI.DLL
0x00007ff92faa0000 - 0x00007ff92faa9000 	C:\WINDOWS\SYSTEM32\WSOCK32.dll
0x00007ff93c3f0000 - 0x00007ff93c45b000 	C:\WINDOWS\System32\WS2_32.dll
0x00007ff931a20000 - 0x00007ff931a47000 	C:\WINDOWS\SYSTEM32\WINMM.dll
0x00007ff9340d0000 - 0x00007ff9340da000 	C:\WINDOWS\SYSTEM32\VERSION.dll
0x00007ff933930000 - 0x00007ff93393f000 	C:\Program Files\Java\jre1.8.0_201\bin\verify.dll
0x00007ff92c8a0000 - 0x00007ff92c8c9000 	C:\Program Files\Java\jre1.8.0_201\bin\java.dll
0x00007ff933590000 - 0x00007ff9335a6000 	C:\Program Files\Java\jre1.8.0_201\bin\zip.dll
0x00007ff93bb00000 - 0x00007ff93c23f000 	C:\WINDOWS\System32\SHELL32.dll
0x00007ff938e60000 - 0x00007ff9395f0000 	C:\WINDOWS\SYSTEM32\windows.storage.dll
0x00007ff93cf40000 - 0x00007ff93d295000 	C:\WINDOWS\System32\combase.dll
0x00007ff93a660000 - 0x00007ff93a68c000 	C:\WINDOWS\SYSTEM32\Wldp.dll
0x00007ff93c8d0000 - 0x00007ff93c97e000 	C:\WINDOWS\System32\SHCORE.dll
0x00007ff93b810000 - 0x00007ff93b865000 	C:\WINDOWS\System32\shlwapi.dll
0x00007ff93ac70000 - 0x00007ff93ac8f000 	C:\WINDOWS\SYSTEM32\profapi.dll
0x00007ff92c7a0000 - 0x00007ff92c7ba000 	C:\Program Files\Java\jre1.8.0_201\bin\net.dll
0x00007ff92eb50000 - 0x00007ff92ed3c000 	C:\WINDOWS\SYSTEM32\urlmon.dll
0x00007ff92e8a0000 - 0x00007ff92eb50000 	C:\WINDOWS\SYSTEM32\iertutil.dll
0x00007ff93a440000 - 0x00007ff93a4aa000 	C:\WINDOWS\system32\mswsock.dll
0x00007ff93a150000 - 0x00007ff93a18b000 	C:\WINDOWS\SYSTEM32\IPHLPAPI.DLL
0x00007ff93c3e0000 - 0x00007ff93c3e8000 	C:\WINDOWS\System32\NSI.dll
0x00007ff935c60000 - 0x00007ff935c77000 	C:\WINDOWS\SYSTEM32\dhcpcsvc6.DLL
0x00007ff935a00000 - 0x00007ff935a1d000 	C:\WINDOWS\SYSTEM32\dhcpcsvc.DLL
0x00007ff93a190000 - 0x00007ff93a25c000 	C:\WINDOWS\SYSTEM32\DNSAPI.dll
0x00007ff932380000 - 0x00007ff93238a000 	C:\Windows\System32\rasadhlp.dll
0x00007ff935510000 - 0x00007ff93558f000 	C:\WINDOWS\System32\fwpuclnt.dll
0x00007ff93ad30000 - 0x00007ff93ad57000 	C:\WINDOWS\System32\bcrypt.dll
0x00007ff9333a0000 - 0x00007ff9333ad000 	C:\Program Files\Java\jre1.8.0_201\bin\management.dll
0x00007ff930660000 - 0x00007ff930677000 	C:\WINDOWS\system32\napinsp.dll
0x00007ff930640000 - 0x00007ff93065b000 	C:\WINDOWS\system32\pnrpnsp.dll
0x00007ff930600000 - 0x00007ff930615000 	C:\WINDOWS\system32\wshbth.dll
0x00007ff935cc0000 - 0x00007ff935cdd000 	C:\WINDOWS\system32\NLAapi.dll
0x00007ff930450000 - 0x00007ff930462000 	C:\WINDOWS\System32\winrnr.dll
0x00007ff93a6a0000 - 0x00007ff93a6b8000 	C:\WINDOWS\SYSTEM32\CRYPTSP.dll
0x00007ff939e00000 - 0x00007ff939e34000 	C:\WINDOWS\system32\rsaenh.dll
0x00007ff93abf0000 - 0x00007ff93ac1e000 	C:\WINDOWS\SYSTEM32\USERENV.dll
0x00007ff93ad60000 - 0x00007ff93ade3000 	C:\WINDOWS\System32\bcryptprimitives.dll
0x00007ff93a5c0000 - 0x00007ff93a5cc000 	C:\WINDOWS\SYSTEM32\CRYPTBASE.dll
0x00007ff92c780000 - 0x00007ff92c791000 	C:\Program Files\Java\jre1.8.0_201\bin\nio.dll

VM Arguments:
java_command: target\E-Stock-Api-Gateway-0.0.1-SNAPSHOT.jar
java_class_path (initial): target\E-Stock-Api-Gateway-0.0.1-SNAPSHOT.jar
Launcher Type: SUN_STANDARD

Environment Variables:
PATH=C:/Program Files/Java/jre1.8.0_201/bin/server;C:/Program Files/Java/jre1.8.0_201/bin;C:/Program Files/Java/jre1.8.0_201/lib/amd64;C:\Program Files\Python39\Scripts\;C:\Program Files\Python39\;C:\Program Files (x86)\Common Files\Oracle\Java\javapath;C:\WINDOWS\system32;C:\WINDOWS;C:\WINDOWS\System32\Wbem;C:\WINDOWS\System32\WindowsPowerShell\v1.0\;C:\WINDOWS\System32\OpenSSH\;C:\Program Files\Java\jdk-9.0.4\bin;C:\Program Files\nodejs\;C:\Program Files\Docker\Docker\resources\bin;C:\ProgramData\DockerDesktop\version-bin;C:\Softwares\Template\spark-3.0.0-preview2-bin-hadoop2.7\bin;C:\Softwares\Template\apache-jmeter-5.3\apache-jmeter-5.3\bin;C:\Program Files (x86)\scala\bin;C:\Program Files\Java\jdk1.8.0_201\bin;C:\Program Files\Git\cmd;C:\Program Files\Amazon\AWSCLIV2\;C:\Users\User\AppData\Local\Programs\Python\Python38-32\Scripts\;C:\Users\User\AppData\Local\Programs\Python\Python38-32\;C:\Program Files\MySQL\MySQL Shell 8.0\bin\;C:\Users\User\AppData\Roaming\npm;C:\Users\User\AppData\Local\Programs\Microsoft VS Code\bin;C:\Users\User\AppData\Local\Microsoft\WindowsApps;;C:\Softwares\Java Setup\spring-tool-suite-3.9.9.RELEASE-e4.12.0-win32-x86_64\sts-bundle\sts-3.9.9.RELEASE;
USERNAME=User
OS=Windows_NT
PROCESSOR_IDENTIFIER=Intel64 Family 6 Model 85 Stepping 4, GenuineIntel



---------------  S Y S T E M  ---------------

OS: Windows 10.0 , 64 bit Build 19041 (10.0.19041.1023)

CPU:total 2 (initial active 2) (1 cores per cpu, 1 threads per core) family 6 model 85 stepping 4, cmov, cx8, fxsr, mmx, sse, sse2, sse3, ssse3, sse4.1, sse4.2, popcnt, avx, avx2, aes, clmul, erms, rtm, 3dnowpref, lzcnt, tsc, tscinvbit, bmi1, bmi2, adx

Memory: 4k page, physical 8387532k(577652k free), swap 17479752k(6632k free)

vm_info: Java HotSpot(TM) 64-Bit Server VM (25.201-b09) for windows-amd64 JRE (1.8.0_201-b09), built on Dec 15 2018 18:36:39 by "java_re" with MS VC++ 10.0 (VS2010)

time: Fri Jul 02 21:17:56 2021
timezone: India Standard Time
elapsed time: 13 seconds (0d 0h 0m 13s)

