#
# There is insufficient memory for the Java Runtime Environment to continue.
# Native memory allocation (malloc) failed to allocate 316656 bytes for Chunk::new
# Possible reasons:
#   The system is out of physical RAM or swap space
#   The process is running with CompressedOops enabled, and the Java Heap may be blocking the growth of the native heap
# Possible solutions:
#   Reduce memory load on the system
#   Increase physical memory or swap space
#   Check if swap backing store is full
#   Decrease Java heap size (-Xmx/-Xms)
#   Decrease number of Java threads
#   Decrease Java thread stack sizes (-Xss)
#   Set larger code cache with -XX:ReservedCodeCacheSize=
#   JVM is running with Unscaled Compressed Oops mode in which the Java heap is
#     placed in the first 4GB address space. The Java Heap base address is the
#     maximum limit for the native heap growth. Please use -XX:HeapBaseMinAddress
#     to set the Java Heap base and to place the Java Heap above 4GB virtual address.
# This output file may be truncated or incomplete.
#
#  Out of Memory Error (allocation.cpp:390), pid=1304, tid=0x0000000000003c74
#
# JRE version: Java(TM) SE Runtime Environment (8.0_201-b09) (build 1.8.0_201-b09)
# Java VM: Java HotSpot(TM) 64-Bit Server VM (25.201-b09 mixed mode windows-amd64 compressed oops)
# Failed to write core dump. Minidumps are not enabled by default on client versions of Windows
#

---------------  T H R E A D  ---------------

Current thread (0x0000000017979800):  JavaThread "C2 CompilerThread0" daemon [_thread_in_native, id=15476, stack(0x00000000189c0000,0x0000000018ac0000)]

Stack: [0x00000000189c0000,0x0000000018ac0000]
[error occurred during error reporting (printing stack bounds), id 0xc0000005]

Native frames: (J=compiled Java code, j=interpreted, Vv=VM code, C=native code)


Current CompileTask:
C2:  17519 4301   !   4       org.springframework.util.ClassUtils::getMostSpecificMethod (72 bytes)


---------------  P R O C E S S  ---------------

Java Threads: ( => current thread )
  0x000000001a07a800 JavaThread "container-0" [_thread_blocked, id=9652, stack(0x000000001da20000,0x000000001db20000)]
  0x000000001a79d000 JavaThread "Catalina-utility-2" [_thread_blocked, id=6564, stack(0x000000001db30000,0x000000001dc30000)]
  0x000000001c547000 JavaThread "Catalina-utility-1" [_thread_blocked, id=13820, stack(0x000000001d0e0000,0x000000001d1e0000)]
  0x000000001c192800 JavaThread "spring.cloud.inetutils" daemon [_thread_blocked, id=14360, stack(0x000000001aad0000,0x000000001abd0000)]
  0x00000000179e9000 JavaThread "Service Thread" daemon [_thread_blocked, id=12504, stack(0x0000000018bc0000,0x0000000018cc0000)]
  0x000000001797d000 JavaThread "C1 CompilerThread1" daemon [_thread_blocked, id=16112, stack(0x0000000018ac0000,0x0000000018bc0000)]
=>0x0000000017979800 JavaThread "C2 CompilerThread0" daemon [_thread_in_native, id=15476, stack(0x00000000189c0000,0x0000000018ac0000)]
  0x0000000017978800 JavaThread "Attach Listener" daemon [_thread_blocked, id=14516, stack(0x00000000188c0000,0x00000000189c0000)]
  0x0000000017975000 JavaThread "Signal Dispatcher" daemon [_thread_blocked, id=6748, stack(0x00000000187c0000,0x00000000188c0000)]
  0x0000000017968800 JavaThread "Finalizer" daemon [_thread_blocked, id=2680, stack(0x00000000185c0000,0x00000000186c0000)]
  0x0000000002f8f000 JavaThread "Reference Handler" daemon [_thread_blocked, id=14544, stack(0x00000000184c0000,0x00000000185c0000)]
  0x0000000002d9e000 JavaThread "main" [_thread_in_native, id=11364, stack(0x0000000002da0000,0x0000000002ea0000)]

Other Threads:
  0x0000000017947800 VMThread [stack: 0x00000000183c0000,0x00000000184c0000] [id=680]
  0x00000000179f4000 WatcherThread [stack: 0x0000000018cc0000,0x0000000018dc0000] [id=15796]

VM state:not at safepoint (normal execution)

VM Mutex/Monitor currently owned by a thread: None

heap address: 0x0000000080000000, size: 2048 MB, Compressed Oops mode: 32-bit
Narrow klass base: 0x0000000000000000, Narrow klass shift: 3
Compressed class space size: 1073741824 Address: 0x0000000100000000

Heap:
 PSYoungGen      total 459776K, used 318149K [0x00000000d5580000, 0x00000000f6c80000, 0x0000000100000000)
  eden space 450048K, 70% used [0x00000000d5580000,0x00000000e8c31520,0x00000000f0d00000)
  from space 9728K, 0% used [0x00000000f6300000,0x00000000f6300000,0x00000000f6c80000)
  to   space 14848K, 0% used [0x00000000f4f80000,0x00000000f4f80000,0x00000000f5e00000)
 ParOldGen       total 72704K, used 15548K [0x0000000080000000, 0x0000000084700000, 0x00000000d5580000)
  object space 72704K, 21% used [0x0000000080000000,0x0000000080f2f2e8,0x0000000084700000)
 Metaspace       used 40284K, capacity 42288K, committed 42536K, reserved 1085440K
  class space    used 5432K, capacity 5823K, committed 5936K, reserved 1048576K

Card table byte_map: [0x0000000012360000,0x0000000012770000] byte_map_base: 0x0000000011f60000

Marking Bits: (ParMarkBitMap*) 0x000000005ca74ce0
 Begin Bits: [0x0000000012c20000, 0x0000000014c20000)
 End Bits:   [0x0000000014c20000, 0x0000000016c20000)

Polling page: 0x0000000002c00000

CodeCache: size=245760Kb used=13886Kb max_used=13886Kb free=231873Kb
 bounds [0x0000000002fa0000, 0x0000000003d40000, 0x0000000011fa0000]
 total_blobs=4332 nmethods=3900 adapters=343
 compilation: enabled

Compilation events (10 events):
Event: 17.498 Thread 0x000000001797d000 4428       2       java.lang.invoke.MethodHandleImpl$IntrinsicMethodHandle::<init> (20 bytes)
Event: 17.498 Thread 0x000000001797d000 nmethod 4428 0x0000000003d39050 code [0x0000000003d391c0, 0x0000000003d39438]
Event: 17.498 Thread 0x000000001797d000 4429       2       java.lang.invoke.BoundMethodHandle::editor (8 bytes)
Event: 17.498 Thread 0x000000001797d000 nmethod 4429 0x0000000003d39550 code [0x0000000003d396c0, 0x0000000003d398a8]
Event: 17.498 Thread 0x000000001797d000 4430       2       java.lang.invoke.LambdaFormEditor$Transform::inRange (36 bytes)
Event: 17.498 Thread 0x000000001797d000 nmethod 4430 0x0000000003d399d0 code [0x0000000003d39b20, 0x0000000003d39c70]
Event: 17.498 Thread 0x000000001797d000 4431       2       java.lang.invoke.LambdaFormEditor$Transform::<init> (28 bytes)
Event: 17.498 Thread 0x000000001797d000 nmethod 4431 0x0000000003d39cd0 code [0x0000000003d39e40, 0x0000000003d3a028]
Event: 17.498 Thread 0x000000001797d000 4432       2       java.lang.invoke.LambdaFormEditor::getInCache (189 bytes)
Event: 17.499 Thread 0x000000001797d000 nmethod 4432 0x0000000003d3a110 code [0x0000000003d3a2c0, 0x0000000003d3a808]

GC Heap History (10 events):
Event: 4.744 GC heap before
{Heap before GC invocations=8 (full 1):
 PSYoungGen      total 273920K, used 6355K [0x00000000d5580000, 0x00000000f6c80000, 0x0000000100000000)
  eden space 264192K, 0% used [0x00000000d5580000,0x00000000d5580000,0x00000000e5780000)
  from space 9728K, 65% used [0x00000000e5780000,0x00000000e5db4fd0,0x00000000e6100000)
  to   space 9728K, 0% used [0x00000000f6300000,0x00000000f6300000,0x00000000f6c80000)
 ParOldGen       total 87552K, used 6516K [0x0000000080000000, 0x0000000085580000, 0x00000000d5580000)
  object space 87552K, 7% used [0x0000000080000000,0x000000008065d1d8,0x0000000085580000)
 Metaspace       used 20400K, capacity 21232K, committed 21296K, reserved 1067008K
  class space    used 2629K, capacity 2835K, committed 2864K, reserved 1048576K
Event: 4.811 GC heap after
Heap after GC invocations=8 (full 1):
 PSYoungGen      total 273920K, used 0K [0x00000000d5580000, 0x00000000f6c80000, 0x0000000100000000)
  eden space 264192K, 0% used [0x00000000d5580000,0x00000000d5580000,0x00000000e5780000)
  from space 9728K, 0% used [0x00000000e5780000,0x00000000e5780000,0x00000000e6100000)
  to   space 9728K, 0% used [0x00000000f6300000,0x00000000f6300000,0x00000000f6c80000)
 ParOldGen       total 54272K, used 8419K [0x0000000080000000, 0x0000000083500000, 0x00000000d5580000)
  object space 54272K, 15% used [0x0000000080000000,0x0000000080838d10,0x0000000083500000)
 Metaspace       used 20400K, capacity 21232K, committed 21296K, reserved 1067008K
  class space    used 2629K, capacity 2835K, committed 2864K, reserved 1048576K
}
Event: 7.201 GC heap before
{Heap before GC invocations=9 (full 1):
 PSYoungGen      total 273920K, used 264192K [0x00000000d5580000, 0x00000000f6c80000, 0x0000000100000000)
  eden space 264192K, 100% used [0x00000000d5580000,0x00000000e5780000,0x00000000e5780000)
  from space 9728K, 0% used [0x00000000e5780000,0x00000000e5780000,0x00000000e6100000)
  to   space 9728K, 0% used [0x00000000f6300000,0x00000000f6300000,0x00000000f6c80000)
 ParOldGen       total 54272K, used 8419K [0x0000000080000000, 0x0000000083500000, 0x00000000d5580000)
  object space 54272K, 15% used [0x0000000080000000,0x0000000080838d10,0x0000000083500000)
 Metaspace       used 23867K, capacity 24928K, committed 25136K, reserved 1071104K
  class space    used 3107K, capacity 3359K, committed 3376K, reserved 1048576K
Event: 7.271 GC heap after
Heap after GC invocations=9 (full 1):
 PSYoungGen      total 459776K, used 9716K [0x00000000d5580000, 0x00000000f6c80000, 0x0000000100000000)
  eden space 450048K, 0% used [0x00000000d5580000,0x00000000d5580000,0x00000000f0d00000)
  from space 9728K, 99% used [0x00000000f6300000,0x00000000f6c7d040,0x00000000f6c80000)
  to   space 14848K, 0% used [0x00000000f4f80000,0x00000000f4f80000,0x00000000f5e00000)
 ParOldGen       total 54272K, used 17259K [0x0000000080000000, 0x0000000083500000, 0x00000000d5580000)
  object space 54272K, 31% used [0x0000000080000000,0x00000000810dacb0,0x0000000083500000)
 Metaspace       used 23867K, capacity 24928K, committed 25136K, reserved 1071104K
  class space    used 3107K, capacity 3359K, committed 3376K, reserved 1048576K
}
Event: 11.666 GC heap before
{Heap before GC invocations=10 (full 1):
 PSYoungGen      total 459776K, used 459764K [0x00000000d5580000, 0x00000000f6c80000, 0x0000000100000000)
  eden space 450048K, 100% used [0x00000000d5580000,0x00000000f0d00000,0x00000000f0d00000)
  from space 9728K, 99% used [0x00000000f6300000,0x00000000f6c7d040,0x00000000f6c80000)
  to   space 14848K, 0% used [0x00000000f4f80000,0x00000000f4f80000,0x00000000f5e00000)
 ParOldGen       total 54272K, used 17259K [0x0000000080000000, 0x0000000083500000, 0x00000000d5580000)
  object space 54272K, 31% used [0x0000000080000000,0x00000000810dacb0,0x0000000083500000)
 Metaspace       used 31101K, capacity 32396K, committed 32560K, reserved 1077248K
  class space    used 4094K, capacity 4367K, committed 4400K, reserved 1048576K
Event: 11.795 GC heap after
Heap after GC invocations=10 (full 1):
 PSYoungGen      total 464896K, used 14837K [0x00000000d5580000, 0x00000000f6c80000, 0x0000000100000000)
  eden space 450048K, 0% used [0x00000000d5580000,0x00000000d5580000,0x00000000f0d00000)
  from space 14848K, 99% used [0x00000000f4f80000,0x00000000f5dfd488,0x00000000f5e00000)
  to   space 9728K, 0% used [0x00000000f6300000,0x00000000f6300000,0x00000000f6c80000)
 ParOldGen       total 54272K, used 26739K [0x0000000080000000, 0x0000000083500000, 0x00000000d5580000)
  object space 54272K, 49% used [0x0000000080000000,0x0000000081a1ccb0,0x0000000083500000)
 Metaspace       used 31101K, capacity 32396K, committed 32560K, reserved 1077248K
  class space    used 4094K, capacity 4367K, committed 4400K, reserved 1048576K
}
Event: 13.046 GC heap before
{Heap before GC invocations=11 (full 1):
 PSYoungGen      total 464896K, used 89305K [0x00000000d5580000, 0x00000000f6c80000, 0x0000000100000000)
  eden space 450048K, 16% used [0x00000000d5580000,0x00000000d9e39118,0x00000000f0d00000)
  from space 14848K, 99% used [0x00000000f4f80000,0x00000000f5dfd488,0x00000000f5e00000)
  to   space 9728K, 0% used [0x00000000f6300000,0x00000000f6300000,0x00000000f6c80000)
 ParOldGen       total 54272K, used 26739K [0x0000000080000000, 0x0000000083500000, 0x00000000d5580000)
  object space 54272K, 49% used [0x0000000080000000,0x0000000081a1ccb0,0x0000000083500000)
 Metaspace       used 33745K, capacity 35482K, committed 35496K, reserved 1079296K
  class space    used 4435K, capacity 4774K, committed 4784K, reserved 1048576K
Event: 13.486 GC heap after
Heap after GC invocations=11 (full 1):
 PSYoungGen      total 459776K, used 8122K [0x00000000d5580000, 0x00000000f6c80000, 0x0000000100000000)
  eden space 450048K, 0% used [0x00000000d5580000,0x00000000d5580000,0x00000000f0d00000)
  from space 9728K, 83% used [0x00000000f6300000,0x00000000f6aee810,0x00000000f6c80000)
  to   space 14848K, 0% used [0x00000000f4f80000,0x00000000f4f80000,0x00000000f5e00000)
 ParOldGen       total 54272K, used 28567K [0x0000000080000000, 0x0000000083500000, 0x00000000d5580000)
  object space 54272K, 52% used [0x0000000080000000,0x0000000081be5d10,0x0000000083500000)
 Metaspace       used 33745K, capacity 35482K, committed 35496K, reserved 1079296K
  class space    used 4435K, capacity 4774K, committed 4784K, reserved 1048576K
}
Event: 13.486 GC heap before
{Heap before GC invocations=12 (full 2):
 PSYoungGen      total 459776K, used 8122K [0x00000000d5580000, 0x00000000f6c80000, 0x0000000100000000)
  eden space 450048K, 0% used [0x00000000d5580000,0x00000000d5580000,0x00000000f0d00000)
  from space 9728K, 83% used [0x00000000f6300000,0x00000000f6aee810,0x00000000f6c80000)
  to   space 14848K, 0% used [0x00000000f4f80000,0x00000000f4f80000,0x00000000f5e00000)
 ParOldGen       total 54272K, used 28567K [0x0000000080000000, 0x0000000083500000, 0x00000000d5580000)
  object space 54272K, 52% used [0x0000000080000000,0x0000000081be5d10,0x0000000083500000)
 Metaspace       used 33745K, capacity 35482K, committed 35496K, reserved 1079296K
  class space    used 4435K, capacity 4774K, committed 4784K, reserved 1048576K
Event: 13.575 GC heap after
Heap after GC invocations=12 (full 2):
 PSYoungGen      total 459776K, used 0K [0x00000000d5580000, 0x00000000f6c80000, 0x0000000100000000)
  eden space 450048K, 0% used [0x00000000d5580000,0x00000000d5580000,0x00000000f0d00000)
  from space 9728K, 0% used [0x00000000f6300000,0x00000000f6300000,0x00000000f6c80000)
  to   space 14848K, 0% used [0x00000000f4f80000,0x00000000f4f80000,0x00000000f5e00000)
 ParOldGen       total 72704K, used 15548K [0x0000000080000000, 0x0000000084700000, 0x00000000d5580000)
  object space 72704K, 21% used [0x0000000080000000,0x0000000080f2f2e8,0x0000000084700000)
 Metaspace       used 33745K, capacity 35482K, committed 35496K, reserved 1079296K
  class space    used 4435K, capacity 4774K, committed 4784K, reserved 1048576K
}

Deoptimization events (10 events):
Event: 14.997 Thread 0x0000000002d9e000 Uncommon trap: reason=null_check action=make_not_entrant pc=0x00000000039b05e8 method=org.springframework.util.ClassUtils.isAssignable(Ljava/lang/Class;Ljava/lang/Class;)Z @ 14
Event: 15.104 Thread 0x0000000002d9e000 Uncommon trap: reason=unstable_if action=reinterpret pc=0x0000000003ca49b0 method=org.springframework.core.annotation.AnnotationsScanner.processClassHierarchy(Ljava/lang/Object;[ILjava/lang/Class;Lorg/springframework/core/annotation/AnnotationsProcessor;L
Event: 15.143 Thread 0x0000000002d9e000 Uncommon trap: reason=unstable_if action=reinterpret pc=0x000000000394239c method=sun.reflect.annotation.AnnotationInvocationHandler.invoke(Ljava/lang/Object;Ljava/lang/reflect/Method;[Ljava/lang/Object;)Ljava/lang/Object; @ 19
Event: 15.249 Thread 0x0000000002d9e000 Uncommon trap: reason=bimorphic action=maybe_recompile pc=0x0000000003418d40 method=java.util.Hashtable.get(Ljava/lang/Object;)Ljava/lang/Object; @ 6
Event: 15.249 Thread 0x0000000002d9e000 Uncommon trap: reason=bimorphic action=maybe_recompile pc=0x0000000003418d40 method=java.util.Hashtable.get(Ljava/lang/Object;)Ljava/lang/Object; @ 6
Event: 15.547 Thread 0x0000000002d9e000 Uncommon trap: reason=bimorphic action=maybe_recompile pc=0x0000000003a3ad00 method=org.springframework.core.annotation.TypeMappedAnnotation.getValue(IZZ)Ljava/lang/Object; @ 121
Event: 15.549 Thread 0x0000000002d9e000 Uncommon trap: reason=bimorphic action=maybe_recompile pc=0x0000000003a3ad00 method=org.springframework.core.annotation.TypeMappedAnnotation.getValue(IZZ)Ljava/lang/Object; @ 121
Event: 15.555 Thread 0x0000000002d9e000 Uncommon trap: reason=bimorphic action=maybe_recompile pc=0x0000000003a3ad00 method=org.springframework.core.annotation.TypeMappedAnnotation.getValue(IZZ)Ljava/lang/Object; @ 121
Event: 16.562 Thread 0x0000000002d9e000 Uncommon trap: reason=bimorphic action=maybe_recompile pc=0x0000000003a3ad00 method=org.springframework.core.annotation.TypeMappedAnnotation.getValue(IZZ)Ljava/lang/Object; @ 121
Event: 16.567 Thread 0x0000000002d9e000 Uncommon trap: reason=unstable_if action=reinterpret pc=0x0000000003c8d76c method=org.springframework.beans.factory.support.AbstractBeanFactory.isTypeMatch(Ljava/lang/String;Lorg/springframework/core/ResolvableType;Z)Z @ 34

Classes redefined (0 events):
No events

Internal exceptions (10 events):
Event: 15.372 Thread 0x0000000002d9e000 Exception <a 'java/lang/ClassNotFoundException': org/springframework/beans/factory/AwareCustomizer> (0x00000000e00e3500) thrown at [C:\re\workspace\8-2-build-windows-amd64-cygwin\jdk8u201\12322\hotspot\src\share\vm\classfile\systemDictionary.cpp, line 210
Event: 15.374 Thread 0x0000000002d9e000 Exception <a 'java/lang/ClassNotFoundException': org/springframework/web/context/ServletContextAwareCustomizer> (0x00000000e0186f90) thrown at [C:\re\workspace\8-2-build-windows-amd64-cygwin\jdk8u201\12322\hotspot\src\share\vm\classfile\systemDictionary.c
Event: 15.375 Thread 0x0000000002d9e000 Exception <a 'java/lang/ClassNotFoundException': org/springframework/beans/factory/AwareCustomizer> (0x00000000e021e318) thrown at [C:\re\workspace\8-2-build-windows-amd64-cygwin\jdk8u201\12322\hotspot\src\share\vm\classfile\systemDictionary.cpp, line 210
Event: 16.633 Thread 0x0000000002d9e000 Exception <a 'java/lang/IncompatibleClassChangeError': Found class java.lang.Object, but interface was expected> (0x00000000e25ae930) thrown at [C:\re\workspace\8-2-build-windows-amd64-cygwin\jdk8u201\12322\hotspot\src\share\vm\interpreter\linkResolver.cp
Event: 17.412 Thread 0x0000000002d9e000 Exception <a 'java/lang/ClassNotFoundException': java/lang/ObjectCustomizer> (0x00000000e7a16ad0) thrown at [C:\re\workspace\8-2-build-windows-amd64-cygwin\jdk8u201\12322\hotspot\src\share\vm\classfile\systemDictionary.cpp, line 210]
Event: 17.413 Thread 0x0000000002d9e000 Exception <a 'java/lang/ClassNotFoundException': org/springframework/security/config/annotation/web/configuration/WebSecurityConfigurationCustomizer> (0x00000000e7ae9158) thrown at [C:\re\workspace\8-2-build-windows-amd64-cygwin\jdk8u201\12322\hotspot\src
Event: 17.415 Thread 0x0000000002d9e000 Exception <a 'java/lang/ClassNotFoundException': org/springframework/context/annotation/ImportAwareCustomizer> (0x00000000e7b99d48) thrown at [C:\re\workspace\8-2-build-windows-amd64-cygwin\jdk8u201\12322\hotspot\src\share\vm\classfile\systemDictionary.cp
Event: 17.416 Thread 0x0000000002d9e000 Exception <a 'java/lang/ClassNotFoundException': org/springframework/beans/factory/AwareCustomizer> (0x00000000e7c301e0) thrown at [C:\re\workspace\8-2-build-windows-amd64-cygwin\jdk8u201\12322\hotspot\src\share\vm\classfile\systemDictionary.cpp, line 210
Event: 17.416 Thread 0x0000000002d9e000 Exception <a 'java/lang/ClassNotFoundException': org/springframework/beans/factory/BeanClassLoaderAwareCustomizer> (0x00000000e7cd6678) thrown at [C:\re\workspace\8-2-build-windows-amd64-cygwin\jdk8u201\12322\hotspot\src\share\vm\classfile\systemDictionar
Event: 17.417 Thread 0x0000000002d9e000 Exception <a 'java/lang/ClassNotFoundException': org/springframework/beans/factory/AwareCustomizer> (0x00000000e7d6caf0) thrown at [C:\re\workspace\8-2-build-windows-amd64-cygwin\jdk8u201\12322\hotspot\src\share\vm\classfile\systemDictionary.cpp, line 210

Events (10 events):
Event: 17.496 loading class org/springframework/security/web/access/expression/DefaultWebSecurityExpressionHandler
Event: 17.496 loading class org/springframework/security/web/access/expression/DefaultWebSecurityExpressionHandler done
Event: 17.500 loading class org/springframework/security/config/annotation/web/builders/WebSecurity$IgnoredRequestConfigurer
Event: 17.500 loading class org/springframework/security/config/annotation/web/builders/WebSecurity$IgnoredRequestConfigurer done
Event: 17.501 loading class org/springframework/security/config/annotation/web/AbstractRequestMatcherRegistry
Event: 17.501 loading class org/springframework/security/config/annotation/web/AbstractRequestMatcherRegistry done
Event: 17.502 loading class org/springframework/security/web/util/matcher/AnyRequestMatcher
Event: 17.502 loading class org/springframework/security/web/util/matcher/AnyRequestMatcher done
Event: 17.503 Executing VM operation: CollectForMetadataAllocation
Event: 17.503 Executing VM operation: CollectForMetadataAllocation done


Dynamic libraries:
0x00007ff7b45b0000 - 0x00007ff7b45e7000 	C:\Program Files\Java\jre1.8.0_201\bin\java.exe
0x00007ff93d5f0000 - 0x00007ff93d7e5000 	C:\WINDOWS\SYSTEM32\ntdll.dll
0x00007ff93c6e0000 - 0x00007ff93c79d000 	C:\WINDOWS\System32\KERNEL32.DLL
0x00007ff93b060000 - 0x00007ff93b328000 	C:\WINDOWS\System32\KERNELBASE.dll
0x00007ff93b9a0000 - 0x00007ff93ba4c000 	C:\WINDOWS\System32\ADVAPI32.dll
0x00007ff93c590000 - 0x00007ff93c62e000 	C:\WINDOWS\System32\msvcrt.dll
0x00007ff93b870000 - 0x00007ff93b90b000 	C:\WINDOWS\System32\sechost.dll
0x00007ff93c7a0000 - 0x00007ff93c8cb000 	C:\WINDOWS\System32\RPCRT4.dll
0x00007ff93d410000 - 0x00007ff93d5b0000 	C:\WINDOWS\System32\USER32.dll
0x00007ff93b3d0000 - 0x00007ff93b3f2000 	C:\WINDOWS\System32\win32u.dll
0x00007ff93d2a0000 - 0x00007ff93d2ca000 	C:\WINDOWS\System32\GDI32.dll
0x00007ff93af50000 - 0x00007ff93b05b000 	C:\WINDOWS\System32\gdi32full.dll
0x00007ff93b330000 - 0x00007ff93b3cd000 	C:\WINDOWS\System32\msvcp_win.dll
0x00007ff93b560000 - 0x00007ff93b660000 	C:\WINDOWS\System32\ucrtbase.dll
0x00007ff9276f0000 - 0x00007ff92798a000 	C:\WINDOWS\WinSxS\amd64_microsoft.windows.common-controls_6595b64144ccf1df_6.0.19041.1052_none_60b8f8fd71f5e8cb\COMCTL32.dll
0x00007ff93cf10000 - 0x00007ff93cf40000 	C:\WINDOWS\System32\IMM32.DLL
0x000000005bca0000 - 0x000000005bd71000 	C:\Program Files\Java\jre1.8.0_201\bin\msvcr100.dll
0x000000005c250000 - 0x000000005caf4000 	C:\Program Files\Java\jre1.8.0_201\bin\server\jvm.dll
0x00007ff93b910000 - 0x00007ff93b918000 	C:\WINDOWS\System32\PSAPI.DLL
0x00007ff931a20000 - 0x00007ff931a47000 	C:\WINDOWS\SYSTEM32\WINMM.dll
0x00007ff9340d0000 - 0x00007ff9340da000 	C:\WINDOWS\SYSTEM32\VERSION.dll
0x00007ff92faa0000 - 0x00007ff92faa9000 	C:\WINDOWS\SYSTEM32\WSOCK32.dll
0x00007ff93c3f0000 - 0x00007ff93c45b000 	C:\WINDOWS\System32\ws2_32.DLL
0x00007ff933930000 - 0x00007ff93393f000 	C:\Program Files\Java\jre1.8.0_201\bin\verify.dll
0x00007ff92c8a0000 - 0x00007ff92c8c9000 	C:\Program Files\Java\jre1.8.0_201\bin\java.dll
0x00007ff933590000 - 0x00007ff9335a6000 	C:\Program Files\Java\jre1.8.0_201\bin\zip.dll
0x00007ff93bb00000 - 0x00007ff93c23f000 	C:\WINDOWS\System32\SHELL32.dll
0x00007ff938e60000 - 0x00007ff9395f0000 	C:\WINDOWS\SYSTEM32\windows.storage.dll
0x00007ff93cf40000 - 0x00007ff93d295000 	C:\WINDOWS\System32\combase.dll
0x00007ff93a660000 - 0x00007ff93a68c000 	C:\WINDOWS\SYSTEM32\Wldp.dll
0x00007ff93c8d0000 - 0x00007ff93c97e000 	C:\WINDOWS\System32\SHCORE.dll
0x00007ff93b810000 - 0x00007ff93b865000 	C:\WINDOWS\System32\shlwapi.dll
0x00007ff93ac70000 - 0x00007ff93ac8f000 	C:\WINDOWS\SYSTEM32\profapi.dll
0x00007ff92c7a0000 - 0x00007ff92c7ba000 	C:\Program Files\Java\jre1.8.0_201\bin\net.dll
0x00007ff92eb50000 - 0x00007ff92ed3c000 	C:\WINDOWS\SYSTEM32\urlmon.dll
0x00007ff92e8a0000 - 0x00007ff92eb50000 	C:\WINDOWS\SYSTEM32\iertutil.dll
0x00007ff93a440000 - 0x00007ff93a4aa000 	C:\WINDOWS\system32\mswsock.dll
0x00007ff93a150000 - 0x00007ff93a18b000 	C:\WINDOWS\SYSTEM32\IPHLPAPI.DLL
0x00007ff93c3e0000 - 0x00007ff93c3e8000 	C:\WINDOWS\System32\NSI.dll
0x00007ff935c60000 - 0x00007ff935c77000 	C:\WINDOWS\SYSTEM32\dhcpcsvc6.DLL
0x00007ff935a00000 - 0x00007ff935a1d000 	C:\WINDOWS\SYSTEM32\dhcpcsvc.DLL
0x00007ff93a190000 - 0x00007ff93a25c000 	C:\WINDOWS\SYSTEM32\DNSAPI.dll
0x00007ff932380000 - 0x00007ff93238a000 	C:\Windows\System32\rasadhlp.dll
0x00007ff935510000 - 0x00007ff93558f000 	C:\WINDOWS\System32\fwpuclnt.dll
0x00007ff93ad30000 - 0x00007ff93ad57000 	C:\WINDOWS\System32\bcrypt.dll
0x00007ff9333a0000 - 0x00007ff9333ad000 	C:\Program Files\Java\jre1.8.0_201\bin\management.dll
0x00007ff930660000 - 0x00007ff930677000 	C:\WINDOWS\system32\napinsp.dll
0x00007ff930640000 - 0x00007ff93065b000 	C:\WINDOWS\system32\pnrpnsp.dll
0x00007ff930600000 - 0x00007ff930615000 	C:\WINDOWS\system32\wshbth.dll
0x00007ff935cc0000 - 0x00007ff935cdd000 	C:\WINDOWS\system32\NLAapi.dll
0x00007ff930450000 - 0x00007ff930462000 	C:\WINDOWS\System32\winrnr.dll
0x00007ff93a6a0000 - 0x00007ff93a6b8000 	C:\WINDOWS\SYSTEM32\CRYPTSP.dll
0x00007ff939e00000 - 0x00007ff939e34000 	C:\WINDOWS\system32\rsaenh.dll
0x00007ff93abf0000 - 0x00007ff93ac1e000 	C:\WINDOWS\SYSTEM32\USERENV.dll
0x00007ff93ad60000 - 0x00007ff93ade3000 	C:\WINDOWS\System32\bcryptprimitives.dll
0x00007ff93a5c0000 - 0x00007ff93a5cc000 	C:\WINDOWS\SYSTEM32\CRYPTBASE.dll
0x00007ff92c780000 - 0x00007ff92c791000 	C:\Program Files\Java\jre1.8.0_201\bin\nio.dll

VM Arguments:
java_command: target\E-Stock-Api-Gateway-0.0.1-SNAPSHOT.jar
java_class_path (initial): target\E-Stock-Api-Gateway-0.0.1-SNAPSHOT.jar
Launcher Type: SUN_STANDARD

Environment Variables:
PATH=C:/Program Files/Java/jre1.8.0_201/bin/server;C:/Program Files/Java/jre1.8.0_201/bin;C:/Program Files/Java/jre1.8.0_201/lib/amd64;C:\Program Files\Python39\Scripts\;C:\Program Files\Python39\;C:\Program Files (x86)\Common Files\Oracle\Java\javapath;C:\WINDOWS\system32;C:\WINDOWS;C:\WINDOWS\System32\Wbem;C:\WINDOWS\System32\WindowsPowerShell\v1.0\;C:\WINDOWS\System32\OpenSSH\;C:\Program Files\Java\jdk-9.0.4\bin;C:\Program Files\nodejs\;C:\Program Files\Docker\Docker\resources\bin;C:\ProgramData\DockerDesktop\version-bin;C:\Softwares\Template\spark-3.0.0-preview2-bin-hadoop2.7\bin;C:\Softwares\Template\apache-jmeter-5.3\apache-jmeter-5.3\bin;C:\Program Files (x86)\scala\bin;C:\Program Files\Java\jdk1.8.0_201\bin;C:\Program Files\Git\cmd;C:\Program Files\Amazon\AWSCLIV2\;C:\Users\User\AppData\Local\Programs\Python\Python38-32\Scripts\;C:\Users\User\AppData\Local\Programs\Python\Python38-32\;C:\Program Files\MySQL\MySQL Shell 8.0\bin\;C:\Users\User\AppData\Roaming\npm;C:\Users\User\AppData\Local\Programs\Microsoft VS Code\bin;C:\Users\User\AppData\Local\Microsoft\WindowsApps;;C:\Softwares\Java Setup\spring-tool-suite-3.9.9.RELEASE-e4.12.0-win32-x86_64\sts-bundle\sts-3.9.9.RELEASE;
USERNAME=User
OS=Windows_NT
PROCESSOR_IDENTIFIER=Intel64 Family 6 Model 85 Stepping 4, GenuineIntel



---------------  S Y S T E M  ---------------

OS: Windows 10.0 , 64 bit Build 19041 (10.0.19041.1023)

CPU:total 2 (initial active 2) (1 cores per cpu, 1 threads per core) family 6 model 85 stepping 4, cmov, cx8, fxsr, mmx, sse, sse2, sse3, ssse3, sse4.1, sse4.2, popcnt, avx, avx2, aes, clmul, erms, rtm, 3dnowpref, lzcnt, tsc, tscinvbit, bmi1, bmi2, adx

Memory: 4k page, physical 8387532k(535604k free), swap 17479752k(4020k free)

vm_info: Java HotSpot(TM) 64-Bit Server VM (25.201-b09) for windows-amd64 JRE (1.8.0_201-b09), built on Dec 15 2018 18:36:39 by "java_re" with MS VC++ 10.0 (VS2010)

time: Fri Jul 02 21:17:15 2021
timezone: India Standard Time
elapsed time: 17 seconds (0d 0h 0m 17s)

